2025-02-08 18:46:01 [main] INFO  com.keywordframework.tests.TestExecutor - This is loggggger
2025-02-08 18:47:06 [main] INFO  com.keywordframework.tests.TestExecutor - This is loggggger
2025-02-08 18:47:09 [main] INFO  com.keywordframework.tests.TestExecutor - Test execution started...
2025-02-08 18:47:13 [main] INFO  com.keywordframework.tests.TestExecutor - Test execution completed.
2025-02-08 18:48:35 [main] INFO  com.keywordframework.tests.TestExecutor - This is loggggger
2025-02-08 18:48:36 [main] INFO  com.keywordframework.tests.TestExecutor - Test execution started...
2025-02-08 18:48:41 [main] INFO  com.keywordframework.tests.TestExecutor - Test execution completed.
2025-02-08 18:55:07 [main] INFO  com.keywordframework.tests.TestExecutor - This is loggggger
2025-02-08 18:55:08 [main] INFO  com.keywordframework.tests.TestExecutor - Test execution started...
2025-02-08 18:55:13 [main] INFO  com.keywordframework.tests.TestExecutor - Test execution completed.
2025-02-08 18:55:13 [main] INFO  com.keywordframework.tests.TestExecutor2 - This is loggggger
2025-02-08 18:55:14 [main] INFO  com.keywordframework.tests.TestExecutor2 - Test execution started...
2025-02-09 16:12:58 [main] INFO  com.keywordframework.tests.TestExecutor - This is loggggger
2025-02-09 16:13:01 [main] INFO  com.keywordframework.tests.TestExecutor - Test execution started...
2025-02-09 16:13:06 [main] INFO  com.keywordframework.tests.TestExecutor - Test execution completed.
2025-02-09 16:13:06 [main] INFO  com.keywordframework.tests.TestExecutor2 - This is loggggger
2025-02-09 16:13:07 [main] INFO  com.keywordframework.tests.TestExecutor2 - Test execution started...
2025-02-09 16:14:09 [main] INFO  com.keywordframework.tests.TestExecutor2 - This is loggggger
2025-02-09 16:14:10 [main] INFO  com.keywordframework.tests.TestExecutor2 - Test execution started...
2025-02-09 16:17:54 [main] INFO  com.keywordframework.tests.TestExecutor2 - This is loggggger
2025-02-09 16:17:56 [main] INFO  com.keywordframework.tests.TestExecutor2 - Test execution started...
2025-02-09 16:17:56 [main] INFO  com.keywordframework.tests.TestExecutor2 - KeywordLocatorValue
2025-02-09 16:20:29 [main] INFO  com.keywordframework.tests.TestExecutor2 - This is loggggger
2025-02-09 16:20:30 [main] INFO  com.keywordframework.tests.TestExecutor2 - Test execution started...
2025-02-09 16:20:30 [main] INFO  com.keywordframework.tests.TestExecutor2 - navigateTohttps://opensource-demo.orangehrmlive.com/web/index.php/auth/login
2025-02-09 16:24:00 [main] INFO  com.keywordframework.tests.TestExecutor2 - This is loggggger
2025-02-09 16:24:02 [main] INFO  com.keywordframework.tests.TestExecutor2 - Test execution started...
2025-02-09 16:24:02 [main] INFO  com.keywordframework.tests.TestExecutor2 - navigateTohttps://opensource-demo.orangehrmlive.com/web/index.php/auth/login
2025-02-09 16:26:43 [main] INFO  com.keywordframework.tests.TestExecutor2 - This is loggggger
2025-02-09 16:26:44 [main] INFO  com.keywordframework.tests.TestExecutor2 - Test execution started...
2025-02-09 16:26:44 [main] INFO  com.keywordframework.tests.TestExecutor2 - navigateTohttps://opensource-demo.orangehrmlive.com/web/index.php/auth/login
2025-02-09 16:28:16 [main] INFO  com.keywordframework.tests.TestExecutor2 - This is loggggger
2025-02-09 16:28:19 [main] INFO  com.keywordframework.tests.TestExecutor2 - Test execution started...
2025-02-09 16:28:19 [main] INFO  com.keywordframework.tests.TestExecutor2 - navigateTohttps://opensource-demo.orangehrmlive.com/web/index.php/auth/login
2025-02-09 16:28:49 [main] INFO  com.keywordframework.tests.TestExecutor2 - This is loggggger
2025-02-09 16:28:51 [main] INFO  com.keywordframework.tests.TestExecutor2 - Test execution started...
2025-02-09 16:28:51 [main] INFO  com.keywordframework.tests.TestExecutor2 - navigateTohttps://opensource-demo.orangehrmlive.com/web/index.php/auth/login
2025-02-09 16:28:53 [main] INFO  com.keywordframework.tests.TestExecutor2 - Method with value
2025-02-09 16:28:53 [main] INFO  com.keywordframework.tests.TestExecutor2 - enterText//*[@placeholder='Username']Admin
2025-02-09 16:28:54 [main] INFO  com.keywordframework.tests.TestExecutor2 - Method with locator and value
2025-02-09 16:28:54 [main] INFO  com.keywordframework.tests.TestExecutor2 - enterText//*[@placeholder='Password']admin123
2025-02-09 16:28:54 [main] INFO  com.keywordframework.tests.TestExecutor2 - Method with locator and value
2025-02-09 16:28:54 [main] INFO  com.keywordframework.tests.TestExecutor2 - click//button
2025-02-09 16:28:54 [main] INFO  com.keywordframework.tests.TestExecutor2 - Method with locator
2025-02-09 16:28:54 [main] INFO  com.keywordframework.tests.TestExecutor2 - verifyText//span[text()='Dashboard']Welcome
2025-02-09 16:30:01 [main] INFO  com.keywordframework.tests.TestExecutor2 - This is loggggger
2025-02-09 16:30:04 [main] INFO  com.keywordframework.tests.TestExecutor2 - Test execution started...
2025-02-09 16:30:04 [main] INFO  com.keywordframework.tests.TestExecutor2 - navigateTohttps://opensource-demo.orangehrmlive.com/web/index.php/auth/login
2025-02-09 16:30:06 [main] INFO  com.keywordframework.tests.TestExecutor2 - Method with value
2025-02-09 16:30:06 [main] INFO  com.keywordframework.tests.TestExecutor2 - enterText//*[@placeholder='Username']Admin
2025-02-09 16:30:07 [main] INFO  com.keywordframework.tests.TestExecutor2 - Method with locator and value
2025-02-09 16:30:07 [main] INFO  com.keywordframework.tests.TestExecutor2 - enterText//*[@placeholder='Password']admin123
2025-02-09 16:30:07 [main] INFO  com.keywordframework.tests.TestExecutor2 - Method with locator and value
2025-02-09 16:30:07 [main] INFO  com.keywordframework.tests.TestExecutor2 - click//button
2025-02-09 16:30:08 [main] INFO  com.keywordframework.tests.TestExecutor2 - Method with locator
2025-02-09 16:30:08 [main] INFO  com.keywordframework.tests.TestExecutor2 - verifyText//span[text()='Dashboard']Welcome
2025-02-09 16:32:31 [main] INFO  com.keywordframework.tests.TestExecutor2 - This is loggggger
2025-02-09 16:32:33 [main] INFO  com.keywordframework.tests.TestExecutor2 - Test execution started...
2025-02-09 16:32:33 [main] INFO  com.keywordframework.tests.TestExecutor2 - navigateTohttps://opensource-demo.orangehrmlive.com/web/index.php/auth/login
2025-02-09 16:32:35 [main] INFO  com.keywordframework.tests.TestExecutor2 - Method with value
2025-02-09 16:32:35 [main] INFO  com.keywordframework.tests.TestExecutor2 - enterText//*[@placeholder='Username']Admin
2025-02-09 16:32:36 [main] INFO  com.keywordframework.tests.TestExecutor2 - Method with locator and value
2025-02-09 16:32:36 [main] INFO  com.keywordframework.tests.TestExecutor2 - enterText//*[@placeholder='Password']admin123
2025-02-09 16:32:36 [main] INFO  com.keywordframework.tests.TestExecutor2 - Method with locator and value
2025-02-09 16:32:36 [main] INFO  com.keywordframework.tests.TestExecutor2 - click//button
2025-02-09 16:32:36 [main] INFO  com.keywordframework.tests.TestExecutor2 - Method with locator
2025-02-09 16:32:36 [main] INFO  com.keywordframework.tests.TestExecutor2 - verifyText//span[text()='Dashboard']Dashboard
2025-02-09 16:32:37 [main] INFO  com.keywordframework.tests.TestExecutor2 - Method with locator and value
2025-02-09 16:32:37 [main] INFO  com.keywordframework.tests.TestExecutor2 - Test execution completed.
2025-02-09 16:34:31 [main] INFO  com.keywordframework.tests.TestExecutor - This is loggggger
2025-02-09 16:34:33 [main] INFO  com.keywordframework.tests.TestExecutor - Test execution started...
2025-02-09 16:34:33 [main] INFO  com.keywordframework.tests.TestExecutor - navigateTohttps://opensource-demo.orangehrmlive.com/web/index.php/auth/login
2025-02-09 16:34:35 [main] INFO  com.keywordframework.tests.TestExecutor - Method with value
2025-02-09 16:34:35 [main] INFO  com.keywordframework.tests.TestExecutor - enterText//*[@placeholder='Username']Admin
2025-02-09 16:34:36 [main] INFO  com.keywordframework.tests.TestExecutor - Method with locator and value
2025-02-09 16:34:36 [main] INFO  com.keywordframework.tests.TestExecutor - enterText//*[@placeholder='Password']admin123
2025-02-09 16:34:36 [main] INFO  com.keywordframework.tests.TestExecutor - Method with locator and value
2025-02-09 16:34:36 [main] INFO  com.keywordframework.tests.TestExecutor - click//button
2025-02-09 16:34:36 [main] INFO  com.keywordframework.tests.TestExecutor - Method with locator
2025-02-09 16:34:36 [main] INFO  com.keywordframework.tests.TestExecutor - verifyText//span[text()='Dashboard']Dashboard
2025-02-09 16:34:37 [main] INFO  com.keywordframework.tests.TestExecutor - Method with locator and value
2025-02-09 16:34:37 [main] INFO  com.keywordframework.tests.TestExecutor - Test execution completed.
2025-02-09 16:34:37 [main] INFO  com.keywordframework.tests.TestExecutor2 - This is loggggger
2025-02-09 16:34:38 [main] INFO  com.keywordframework.tests.TestExecutor2 - Test execution started...
2025-02-09 16:34:38 [main] INFO  com.keywordframework.tests.TestExecutor2 - navigateTohttps://opensource-demo.orangehrmlive.com/web/index.php/auth/login
2025-02-09 16:34:41 [main] INFO  com.keywordframework.tests.TestExecutor2 - Method with value
2025-02-09 16:34:41 [main] INFO  com.keywordframework.tests.TestExecutor2 - enterText//*[@placeholder='Username']Admin
2025-02-09 16:34:41 [main] INFO  com.keywordframework.tests.TestExecutor2 - Method with locator and value
2025-02-09 16:34:41 [main] INFO  com.keywordframework.tests.TestExecutor2 - enterText//*[@placeholder='Password']admin123
2025-02-09 16:34:41 [main] INFO  com.keywordframework.tests.TestExecutor2 - Method with locator and value
2025-02-09 16:34:41 [main] INFO  com.keywordframework.tests.TestExecutor2 - click//button
2025-02-09 16:34:42 [main] INFO  com.keywordframework.tests.TestExecutor2 - Method with locator
2025-02-09 16:34:42 [main] INFO  com.keywordframework.tests.TestExecutor2 - verifyText//span[text()='Dashboard']Dashboard
2025-02-09 16:34:42 [main] INFO  com.keywordframework.tests.TestExecutor2 - Method with locator and value
2025-02-09 16:34:42 [main] INFO  com.keywordframework.tests.TestExecutor2 - Test execution completed.
2025-02-09 17:00:17 [main] INFO  com.keywordframework.tests.TestrunEngine - This is loggggger
2025-02-09 17:00:19 [main] INFO  com.keywordframework.tests.TestExecutor - Executing Test Case: TC_001
2025-02-09 17:00:19 [main] INFO  com.keywordframework.tests.TestExecutor - navigatetohttps://opensource-demo.orangehrmlive.com/web/index.php/auth/login
2025-02-09 17:00:19 [main] INFO  com.keywordframework.tests.TestExecutor - Executing Test Case: TC_002
2025-02-09 17:00:19 [main] INFO  com.keywordframework.tests.TestExecutor - navigatetohttps://opensource-demo.orangehrmlive.com/web/index.php/auth/login
2025-02-09 17:01:32 [main] INFO  com.keywordframework.tests.TestrunEngine - This is loggggger
2025-02-09 17:01:34 [main] INFO  com.keywordframework.tests.TestExecutor - Executing Test Case: TC_001
2025-02-09 17:01:34 [main] INFO  com.keywordframework.tests.TestExecutor - navigateTohttps://opensource-demo.orangehrmlive.com/web/index.php/auth/login
2025-02-09 17:01:36 [main] INFO  com.keywordframework.tests.TestExecutor - enterText//*[@placeholder='Username']Admin
2025-02-09 17:01:37 [main] INFO  com.keywordframework.tests.TestExecutor - enterText//*[@placeholder='Password']admin123
2025-02-09 17:01:37 [main] INFO  com.keywordframework.tests.TestExecutor - click//button
2025-02-09 17:01:38 [main] INFO  com.keywordframework.tests.TestExecutor - verifyText//span[text()='Dashboard']Dashboard
2025-02-09 17:01:38 [main] INFO  com.keywordframework.tests.TestExecutor - Completed Test Case: TC_001
2025-02-09 17:01:38 [main] INFO  com.keywordframework.tests.TestExecutor - Executing Test Case: TC_002
2025-02-09 17:01:38 [main] INFO  com.keywordframework.tests.TestExecutor - navigateTohttps://opensource-demo.orangehrmlive.com/web/index.php/auth/login
2025-02-09 17:01:39 [main] INFO  com.keywordframework.tests.TestExecutor - enterText//*[@placeholder='Username']Admin
2025-02-09 17:06:14 [main] INFO  com.keywordframework.tests.TestrunEngine - This is loggggger
2025-02-09 17:06:14 [main] INFO  com.keywordframework.tests.TestExecutor - Executing Test Case: TC_001
2025-02-09 17:06:14 [main] INFO  com.keywordframework.tests.TestExecutor - openBrowser
2025-02-09 17:06:16 [main] INFO  com.keywordframework.tests.TestExecutor - navigateTohttps://opensource-demo.orangehrmlive.com/web/index.php/auth/login
2025-02-09 17:06:19 [main] INFO  com.keywordframework.tests.TestExecutor - enterText//*[@placeholder='Username']Admin
2025-02-09 17:06:19 [main] INFO  com.keywordframework.tests.TestExecutor - enterText//*[@placeholder='Password']admin123
2025-02-09 17:06:19 [main] INFO  com.keywordframework.tests.TestExecutor - click//button
2025-02-09 17:06:19 [main] INFO  com.keywordframework.tests.TestExecutor - verifyText//span[text()='Dashboard']Dashboard
2025-02-09 17:06:21 [main] INFO  com.keywordframework.tests.TestExecutor - closeBrowser
2025-02-09 17:06:21 [main] INFO  com.keywordframework.tests.TestExecutor - Completed Test Case: TC_001
2025-02-09 17:06:21 [main] INFO  com.keywordframework.tests.TestExecutor - Executing Test Case: TC_002
2025-02-09 17:06:21 [main] INFO  com.keywordframework.tests.TestExecutor - openBrowser
2025-02-09 17:06:22 [main] INFO  com.keywordframework.tests.TestExecutor - navigateTohttps://opensource-demo.orangehrmlive.com/web/index.php/auth/login
2025-02-09 17:06:25 [main] INFO  com.keywordframework.tests.TestExecutor - enterText//*[@placeholder='Username']Admin
2025-02-09 17:06:25 [main] INFO  com.keywordframework.tests.TestExecutor - enterText//*[@placeholder='Password']admin123
2025-02-09 17:06:25 [main] INFO  com.keywordframework.tests.TestExecutor - click//button
2025-02-09 17:06:25 [main] INFO  com.keywordframework.tests.TestExecutor - verifyText//span[text()='Dashboard']Dashboard
2025-02-09 17:06:27 [main] INFO  com.keywordframework.tests.TestExecutor - closeBrowser
2025-02-09 17:06:27 [main] INFO  com.keywordframework.tests.TestExecutor - Completed Test Case: TC_002
